2018-06-01 12:55:47,335 [Worker-4] INFO  o.e.m.c.i.l.LifecycleMappingFactory - Using org.maven.ide.eclipse.wtp.WarLifecycleMapping lifecycle mapping for MavenProject: com.agenda.spring:PorFinAgenda:0.0.1-SNAPSHOT @ C:\Users\admin\Documents\GitHub\ProyectoAgenda\PorFinAgenda\pom.xml.
2018-06-01 12:55:50,271 [Worker-4] WARN  o.e.m.c.i.embedder.EclipseLogger - Using platform encoding (Cp1252 actually) to copy filtered resources, i.e. build is platform dependent!
2018-06-01 12:55:50,664 [Worker-4] INFO  o.e.m.c.i.embedder.EclipseLogger - skip non existing resourceDirectory C:\Users\admin\Documents\GitHub\ProyectoAgenda\PorFinAgenda\src\main\resources
2018-06-01 12:55:50,690 [Worker-4] WARN  o.e.m.c.i.embedder.EclipseLogger - Using platform encoding (Cp1252 actually) to copy filtered resources, i.e. build is platform dependent!
2018-06-01 12:55:50,691 [Worker-4] INFO  o.e.m.c.i.embedder.EclipseLogger - skip non existing resourceDirectory C:\Users\admin\Documents\GitHub\ProyectoAgenda\PorFinAgenda\src\test\resources
2018-06-01 12:55:54,508 [Worker-20] INFO  o.e.m.c.i.l.LifecycleMappingFactory - Using org.maven.ide.eclipse.wtp.WarLifecycleMapping lifecycle mapping for MavenProject: com.agenda.spring:PorFinAgenda:0.0.1-SNAPSHOT @ C:\Users\admin\Documents\GitHub\ProyectoAgenda\PorFinAgenda\pom.xml.
2018-06-01 12:55:58,445 [Worker-18] WARN  o.e.m.c.i.embedder.EclipseLogger - Using platform encoding (Cp1252 actually) to copy filtered resources, i.e. build is platform dependent!
2018-06-01 12:55:58,455 [Worker-18] INFO  o.e.m.c.i.embedder.EclipseLogger - skip non existing resourceDirectory C:\Users\admin\Documents\GitHub\ProyectoAgenda\PorFinAgenda\src\main\resources
2018-06-01 12:55:58,462 [Worker-18] WARN  o.e.m.c.i.embedder.EclipseLogger - Using platform encoding (Cp1252 actually) to copy filtered resources, i.e. build is platform dependent!
2018-06-01 12:55:58,463 [Worker-18] INFO  o.e.m.c.i.embedder.EclipseLogger - skip non existing resourceDirectory C:\Users\admin\Documents\GitHub\ProyectoAgenda\PorFinAgenda\src\test\resources
2018-06-01 13:00:38,137 [Worker-24] WARN  o.e.m.c.i.embedder.EclipseLogger - Using platform encoding (Cp1252 actually) to copy filtered resources, i.e. build is platform dependent!
2018-06-01 13:00:38,157 [Worker-24] INFO  o.e.m.c.i.embedder.EclipseLogger - Copying 4 resources
2018-06-01 13:00:38,180 [Worker-24] WARN  o.e.m.c.i.embedder.EclipseLogger - Using platform encoding (Cp1252 actually) to copy filtered resources, i.e. build is platform dependent!
2018-06-01 13:00:38,181 [Worker-24] INFO  o.e.m.c.i.embedder.EclipseLogger - skip non existing resourceDirectory C:\Users\admin\Documents\GitHub\ProyectoAgenda\PorFinAgenda\src\test\resources
2018-06-01 13:23:16,367 [Worker-29] WARN  o.e.m.c.i.embedder.EclipseLogger - Using platform encoding (Cp1252 actually) to copy filtered resources, i.e. build is platform dependent!
2018-06-01 13:23:16,367 [Worker-29] INFO  o.e.m.c.i.embedder.EclipseLogger - Copying 0 resource
2018-06-01 13:23:16,383 [Worker-29] WARN  o.e.m.c.i.embedder.EclipseLogger - Using platform encoding (Cp1252 actually) to copy filtered resources, i.e. build is platform dependent!
2018-06-01 13:23:16,383 [Worker-29] INFO  o.e.m.c.i.embedder.EclipseLogger - skip non existing resourceDirectory C:\Users\admin\Documents\GitHub\ProyectoAgenda\PorFinAgenda\src\test\resources
2018-06-01 13:25:40,854 [Worker-29] WARN  o.e.m.c.i.embedder.EclipseLogger - Using platform encoding (Cp1252 actually) to copy filtered resources, i.e. build is platform dependent!
2018-06-01 13:25:40,855 [Worker-29] INFO  o.e.m.c.i.embedder.EclipseLogger - skip non existing resourceDirectory C:\Users\admin\Documents\GitHub\ProyectoAgenda\PorFinAgenda\src\main\resources
2018-06-01 13:25:40,857 [Worker-29] WARN  o.e.m.c.i.embedder.EclipseLogger - Using platform encoding (Cp1252 actually) to copy filtered resources, i.e. build is platform dependent!
2018-06-01 13:25:40,857 [Worker-29] INFO  o.e.m.c.i.embedder.EclipseLogger - skip non existing resourceDirectory C:\Users\admin\Documents\GitHub\ProyectoAgenda\PorFinAgenda\src\test\resources
2018-06-01 13:29:31,131 [Worker-39] INFO  o.e.m.c.i.l.LifecycleMappingFactory - Using org.maven.ide.eclipse.wtp.WarLifecycleMapping lifecycle mapping for MavenProject: com.agenda.spring:PorFinAgenda:0.0.1-SNAPSHOT @ C:\Users\admin\Documents\GitHub\ProyectoAgenda\PorFinAgenda\pom.xml.
2018-06-01 13:29:32,629 [Worker-39] INFO  o.e.m.c.i.embedder.EclipseLogger - Using 'UTF-8' encoding to copy filtered resources.
2018-06-01 13:29:32,629 [Worker-39] INFO  o.e.m.c.i.embedder.EclipseLogger - skip non existing resourceDirectory C:\Users\admin\Documents\GitHub\ProyectoAgenda\PorFinAgenda\src\main\resources
2018-06-01 13:29:32,629 [Worker-39] INFO  o.e.m.c.i.embedder.EclipseLogger - Using 'UTF-8' encoding to copy filtered resources.
2018-06-01 13:29:32,629 [Worker-39] INFO  o.e.m.c.i.embedder.EclipseLogger - skip non existing resourceDirectory C:\Users\admin\Documents\GitHub\ProyectoAgenda\PorFinAgenda\src\test\resources
2018-06-01 13:29:32,629 [Worker-39] INFO  o.e.m.w.i.f.ResourceFilteringBuildParticipant - Changed resources require a complete clean of filtered resources of PorFinAgenda
2018-06-01 13:29:32,629 [Worker-39] INFO  o.e.m.w.i.f.ResourceFilteringBuildParticipant - Executing resource filtering for PorFinAgenda
2018-06-01 13:29:32,644 [Worker-39] INFO  o.e.m.c.i.embedder.EclipseLogger - Using 'UTF-8' encoding to copy filtered resources.
2018-06-01 13:29:33,300 [Worker-39] INFO  o.e.m.c.i.embedder.EclipseLogger - Using 'UTF-8' encoding to copy filtered resources.
2018-06-01 13:29:33,300 [Worker-39] INFO  o.e.m.c.i.embedder.EclipseLogger - skip non existing resourceDirectory C:\Users\admin\Documents\GitHub\ProyectoAgenda\PorFinAgenda\src\main\resources
2018-06-01 13:29:33,300 [Worker-39] INFO  o.e.m.c.i.embedder.EclipseLogger - Using 'UTF-8' encoding to copy filtered resources.
2018-06-01 13:29:33,300 [Worker-39] INFO  o.e.m.c.i.embedder.EclipseLogger - skip non existing resourceDirectory C:\Users\admin\Documents\GitHub\ProyectoAgenda\PorFinAgenda\src\test\resources
2018-06-01 13:29:35,577 [Worker-43] INFO  o.e.m.c.i.embedder.EclipseLogger - Using 'UTF-8' encoding to copy filtered resources.
2018-06-01 13:29:35,577 [Worker-43] INFO  o.e.m.c.i.embedder.EclipseLogger - skip non existing resourceDirectory C:\Users\admin\Documents\GitHub\ProyectoAgenda\PorFinAgenda\src\main\resources
2018-06-01 13:29:35,577 [Worker-43] INFO  o.e.m.c.i.embedder.EclipseLogger - Using 'UTF-8' encoding to copy filtered resources.
2018-06-01 13:29:35,577 [Worker-43] INFO  o.e.m.c.i.embedder.EclipseLogger - skip non existing resourceDirectory C:\Users\admin\Documents\GitHub\ProyectoAgenda\PorFinAgenda\src\test\resources
2018-06-01 13:30:53,869 [Worker-36] INFO  o.e.m.c.i.embedder.EclipseLogger - Using 'UTF-8' encoding to copy filtered resources.
2018-06-01 13:30:53,869 [Worker-36] INFO  o.e.m.c.i.embedder.EclipseLogger - skip non existing resourceDirectory C:\Users\admin\Documents\GitHub\ProyectoAgenda\PorFinAgenda\src\main\resources
2018-06-01 13:30:53,869 [Worker-36] INFO  o.e.m.c.i.embedder.EclipseLogger - Using 'UTF-8' encoding to copy filtered resources.
2018-06-01 13:30:53,869 [Worker-36] INFO  o.e.m.c.i.embedder.EclipseLogger - skip non existing resourceDirectory C:\Users\admin\Documents\GitHub\ProyectoAgenda\PorFinAgenda\src\test\resources
2018-06-01 13:33:38,569 [Worker-43] INFO  o.e.m.c.i.embedder.EclipseLogger - Using 'UTF-8' encoding to copy filtered resources.
2018-06-01 13:33:38,569 [Worker-43] INFO  o.e.m.c.i.embedder.EclipseLogger - Copying 1 resource
2018-06-01 13:33:38,584 [Worker-43] INFO  o.e.m.c.i.embedder.EclipseLogger - Using 'UTF-8' encoding to copy filtered resources.
2018-06-01 13:33:38,584 [Worker-43] INFO  o.e.m.c.i.embedder.EclipseLogger - skip non existing resourceDirectory C:\Users\admin\Documents\GitHub\ProyectoAgenda\PorFinAgenda\src\test\resources
2018-06-01 13:34:07,122 [Worker-48] INFO  o.e.m.c.i.embedder.EclipseLogger - Using 'UTF-8' encoding to copy filtered resources.
2018-06-01 13:34:07,122 [Worker-48] INFO  o.e.m.c.i.embedder.EclipseLogger - Copying 1 resource
2018-06-01 13:34:07,138 [Worker-48] INFO  o.e.m.c.i.embedder.EclipseLogger - Using 'UTF-8' encoding to copy filtered resources.
2018-06-01 13:34:07,138 [Worker-48] INFO  o.e.m.c.i.embedder.EclipseLogger - skip non existing resourceDirectory C:\Users\admin\Documents\GitHub\ProyectoAgenda\PorFinAgenda\src\test\resources
2018-06-01 13:34:07,138 [Worker-48] INFO  o.e.m.w.i.f.ResourceFilteringBuildParticipant - Changed resources require a complete clean of filtered resources of PorFinAgenda
2018-06-01 13:34:07,138 [Worker-48] INFO  o.e.m.w.i.f.ResourceFilteringBuildParticipant - Executing resource filtering for PorFinAgenda
2018-06-01 13:34:07,138 [Worker-48] INFO  o.e.m.c.i.embedder.EclipseLogger - Using 'UTF-8' encoding to copy filtered resources.
2018-06-01 13:34:51,143 [Worker-45] INFO  o.e.m.c.i.embedder.EclipseLogger - Using 'UTF-8' encoding to copy filtered resources.
2018-06-01 13:34:51,143 [Worker-45] INFO  o.e.m.c.i.embedder.EclipseLogger - Copying 1 resource
2018-06-01 13:34:51,159 [Worker-45] INFO  o.e.m.c.i.embedder.EclipseLogger - Using 'UTF-8' encoding to copy filtered resources.
2018-06-01 13:34:51,159 [Worker-45] INFO  o.e.m.c.i.embedder.EclipseLogger - skip non existing resourceDirectory C:\Users\admin\Documents\GitHub\ProyectoAgenda\PorFinAgenda\src\test\resources
2018-06-01 13:36:04,671 [Worker-44] INFO  o.e.m.c.i.embedder.EclipseLogger - Using 'UTF-8' encoding to copy filtered resources.
2018-06-01 13:36:04,671 [Worker-44] INFO  o.e.m.c.i.embedder.EclipseLogger - Copying 1 resource
2018-06-01 13:36:04,671 [Worker-44] INFO  o.e.m.c.i.embedder.EclipseLogger - Using 'UTF-8' encoding to copy filtered resources.
2018-06-01 13:36:04,671 [Worker-44] INFO  o.e.m.c.i.embedder.EclipseLogger - skip non existing resourceDirectory C:\Users\admin\Documents\GitHub\ProyectoAgenda\PorFinAgenda\src\test\resources
2018-06-01 13:36:13,023 [Worker-42] INFO  o.e.m.c.i.embedder.EclipseLogger - Using 'UTF-8' encoding to copy filtered resources.
2018-06-01 13:36:13,023 [Worker-42] INFO  o.e.m.c.i.embedder.EclipseLogger - Copying 0 resource
2018-06-01 13:36:13,023 [Worker-42] INFO  o.e.m.c.i.embedder.EclipseLogger - Using 'UTF-8' encoding to copy filtered resources.
2018-06-01 13:36:13,038 [Worker-42] INFO  o.e.m.c.i.embedder.EclipseLogger - skip non existing resourceDirectory C:\Users\admin\Documents\GitHub\ProyectoAgenda\PorFinAgenda\src\test\resources
2018-06-01 13:37:59,986 [Worker-50] INFO  o.e.m.c.i.embedder.EclipseLogger - Using 'UTF-8' encoding to copy filtered resources.
2018-06-01 13:37:59,986 [Worker-50] INFO  o.e.m.c.i.embedder.EclipseLogger - Copying 1 resource
2018-06-01 13:37:59,986 [Worker-50] INFO  o.e.m.c.i.embedder.EclipseLogger - Using 'UTF-8' encoding to copy filtered resources.
2018-06-01 13:37:59,986 [Worker-50] INFO  o.e.m.c.i.embedder.EclipseLogger - skip non existing resourceDirectory C:\Users\admin\Documents\GitHub\ProyectoAgenda\PorFinAgenda\src\test\resources
2018-06-01 13:38:30,407 [Worker-48] INFO  o.e.m.c.i.embedder.EclipseLogger - Using 'UTF-8' encoding to copy filtered resources.
2018-06-01 13:38:30,407 [Worker-48] INFO  o.e.m.c.i.embedder.EclipseLogger - Copying 1 resource
2018-06-01 13:38:30,407 [Worker-48] INFO  o.e.m.c.i.embedder.EclipseLogger - Using 'UTF-8' encoding to copy filtered resources.
2018-06-01 13:38:30,407 [Worker-48] INFO  o.e.m.c.i.embedder.EclipseLogger - skip non existing resourceDirectory C:\Users\admin\Documents\GitHub\ProyectoAgenda\PorFinAgenda\src\test\resources
2018-06-01 13:50:55,804 [Worker-53] INFO  o.e.m.c.i.embedder.EclipseLogger - Using 'UTF-8' encoding to copy filtered resources.
2018-06-01 13:50:55,805 [Worker-53] INFO  o.e.m.c.i.embedder.EclipseLogger - Copying 1 resource
2018-06-01 13:50:55,808 [Worker-53] INFO  o.e.m.c.i.embedder.EclipseLogger - Using 'UTF-8' encoding to copy filtered resources.
2018-06-01 13:50:55,808 [Worker-53] INFO  o.e.m.c.i.embedder.EclipseLogger - skip non existing resourceDirectory C:\Users\admin\Documents\GitHub\ProyectoAgenda\PorFinAgenda\src\test\resources
2018-06-01 13:51:06,318 [Worker-55] INFO  o.e.m.c.i.embedder.EclipseLogger - Using 'UTF-8' encoding to copy filtered resources.
2018-06-01 13:51:06,318 [Worker-55] INFO  o.e.m.c.i.embedder.EclipseLogger - Copying 1 resource
2018-06-01 13:51:06,321 [Worker-55] INFO  o.e.m.c.i.embedder.EclipseLogger - Using 'UTF-8' encoding to copy filtered resources.
2018-06-01 13:51:06,322 [Worker-55] INFO  o.e.m.c.i.embedder.EclipseLogger - skip non existing resourceDirectory C:\Users\admin\Documents\GitHub\ProyectoAgenda\PorFinAgenda\src\test\resources
2018-06-01 13:56:13,229 [Worker-66] INFO  o.e.m.c.i.embedder.EclipseLogger - Using 'UTF-8' encoding to copy filtered resources.
2018-06-01 13:56:13,232 [Worker-66] INFO  o.e.m.c.i.embedder.EclipseLogger - Copying 1 resource
2018-06-01 13:56:13,237 [Worker-66] INFO  o.e.m.c.i.embedder.EclipseLogger - Using 'UTF-8' encoding to copy filtered resources.
2018-06-01 13:56:13,237 [Worker-66] INFO  o.e.m.c.i.embedder.EclipseLogger - skip non existing resourceDirectory C:\Users\admin\Documents\GitHub\ProyectoAgenda\PorFinAgenda\src\test\resources
2018-06-01 13:56:26,147 [Worker-68] INFO  o.e.m.c.i.embedder.EclipseLogger - Using 'UTF-8' encoding to copy filtered resources.
2018-06-01 13:56:26,150 [Worker-68] INFO  o.e.m.c.i.embedder.EclipseLogger - Copying 1 resource
2018-06-01 13:56:26,154 [Worker-68] INFO  o.e.m.c.i.embedder.EclipseLogger - Using 'UTF-8' encoding to copy filtered resources.
2018-06-01 13:56:26,155 [Worker-68] INFO  o.e.m.c.i.embedder.EclipseLogger - skip non existing resourceDirectory C:\Users\admin\Documents\GitHub\ProyectoAgenda\PorFinAgenda\src\test\resources
2018-06-01 13:56:31,935 [Worker-67] INFO  o.e.m.c.i.embedder.EclipseLogger - Using 'UTF-8' encoding to copy filtered resources.
2018-06-01 13:56:31,935 [Worker-67] INFO  o.e.m.c.i.embedder.EclipseLogger - Copying 1 resource
2018-06-01 13:56:31,962 [Worker-67] INFO  o.e.m.c.i.embedder.EclipseLogger - Using 'UTF-8' encoding to copy filtered resources.
2018-06-01 13:56:31,962 [Worker-67] INFO  o.e.m.c.i.embedder.EclipseLogger - skip non existing resourceDirectory C:\Users\admin\Documents\GitHub\ProyectoAgenda\PorFinAgenda\src\test\resources
2018-06-01 13:56:37,623 [Worker-68] INFO  o.e.m.c.i.embedder.EclipseLogger - Using 'UTF-8' encoding to copy filtered resources.
2018-06-01 13:56:37,623 [Worker-68] INFO  o.e.m.c.i.embedder.EclipseLogger - Copying 2 resources
2018-06-01 13:56:37,625 [Worker-68] INFO  o.e.m.c.i.embedder.EclipseLogger - Using 'UTF-8' encoding to copy filtered resources.
2018-06-01 13:56:37,627 [Worker-68] INFO  o.e.m.c.i.embedder.EclipseLogger - skip non existing resourceDirectory C:\Users\admin\Documents\GitHub\ProyectoAgenda\PorFinAgenda\src\test\resources
2018-06-01 13:56:40,053 [Worker-69] INFO  o.e.m.c.i.embedder.EclipseLogger - Using 'UTF-8' encoding to copy filtered resources.
2018-06-01 13:56:40,054 [Worker-69] INFO  o.e.m.c.i.embedder.EclipseLogger - Copying 2 resources
2018-06-01 13:56:40,081 [Worker-69] INFO  o.e.m.c.i.embedder.EclipseLogger - Using 'UTF-8' encoding to copy filtered resources.
2018-06-01 13:56:40,082 [Worker-69] INFO  o.e.m.c.i.embedder.EclipseLogger - skip non existing resourceDirectory C:\Users\admin\Documents\GitHub\ProyectoAgenda\PorFinAgenda\src\test\resources
2018-06-04 08:42:32,800 [Worker-6] INFO  o.e.m.c.i.embedder.EclipseLogger - Using 'UTF-8' encoding to copy filtered resources.
2018-06-04 08:42:32,835 [Worker-6] INFO  o.e.m.c.i.embedder.EclipseLogger - Copying 2 resources
2018-06-04 08:42:32,847 [Worker-6] INFO  o.e.m.c.i.embedder.EclipseLogger - Using 'UTF-8' encoding to copy filtered resources.
2018-06-04 08:42:32,847 [Worker-6] INFO  o.e.m.c.i.embedder.EclipseLogger - skip non existing resourceDirectory C:\Users\admin\Documents\GitHub\ProyectoAgenda\PorFinAgenda\src\test\resources
2018-06-04 08:43:41,973 [Worker-16] INFO  o.e.m.c.i.embedder.EclipseLogger - Using 'UTF-8' encoding to copy filtered resources.
2018-06-04 08:43:41,987 [Worker-16] INFO  o.e.m.c.i.embedder.EclipseLogger - Copying 2 resources
2018-06-04 08:43:41,995 [Worker-16] INFO  o.e.m.c.i.embedder.EclipseLogger - Using 'UTF-8' encoding to copy filtered resources.
2018-06-04 08:43:41,996 [Worker-16] INFO  o.e.m.c.i.embedder.EclipseLogger - skip non existing resourceDirectory C:\Users\admin\Documents\GitHub\ProyectoAgenda\PorFinAgenda\src\test\resources
2018-06-04 08:47:29,291 [Worker-4] INFO  o.e.m.c.i.embedder.EclipseLogger - Using 'UTF-8' encoding to copy filtered resources.
2018-06-04 08:47:29,294 [Worker-4] INFO  o.e.m.c.i.embedder.EclipseLogger - Copying 1 resource
2018-06-04 08:47:29,296 [Worker-4] INFO  o.e.m.c.i.embedder.EclipseLogger - Using 'UTF-8' encoding to copy filtered resources.
2018-06-04 08:47:29,296 [Worker-4] INFO  o.e.m.c.i.embedder.EclipseLogger - skip non existing resourceDirectory C:\Users\admin\Documents\GitHub\ProyectoAgenda\PorFinAgenda\src\test\resources
2018-06-04 14:22:11,366 [Worker-8] INFO  o.e.m.c.i.embedder.EclipseLogger - Using 'UTF-8' encoding to copy filtered resources.
2018-06-04 14:22:11,412 [Worker-8] INFO  o.e.m.c.i.embedder.EclipseLogger - Copying 2 resources
2018-06-04 14:22:11,506 [Worker-8] INFO  o.e.m.c.i.embedder.EclipseLogger - Using 'UTF-8' encoding to copy filtered resources.
2018-06-04 14:22:11,506 [Worker-8] INFO  o.e.m.c.i.embedder.EclipseLogger - skip non existing resourceDirectory C:\Users\admin\Documents\GitHub\ProyectoAgenda\PorFinAgenda\src\test\resources
2018-06-04 14:24:41,087 [Worker-8] INFO  o.e.m.c.i.embedder.EclipseLogger - Using 'UTF-8' encoding to copy filtered resources.
2018-06-04 14:24:41,114 [Worker-8] INFO  o.e.m.c.i.embedder.EclipseLogger - Copying 2 resources
2018-06-04 14:24:41,118 [Worker-8] INFO  o.e.m.c.i.embedder.EclipseLogger - Using 'UTF-8' encoding to copy filtered resources.
2018-06-04 14:24:41,118 [Worker-8] INFO  o.e.m.c.i.embedder.EclipseLogger - skip non existing resourceDirectory C:\Users\admin\Documents\GitHub\ProyectoAgenda\PorFinAgenda\src\test\resources
2018-06-04 14:25:07,861 [Worker-0] INFO  o.e.m.c.i.embedder.EclipseLogger - Using 'UTF-8' encoding to copy filtered resources.
2018-06-04 14:25:07,863 [Worker-0] INFO  o.e.m.c.i.embedder.EclipseLogger - Copying 2 resources
2018-06-04 14:25:07,864 [Worker-0] INFO  o.e.m.c.i.embedder.EclipseLogger - Using 'UTF-8' encoding to copy filtered resources.
2018-06-04 14:25:07,865 [Worker-0] INFO  o.e.m.c.i.embedder.EclipseLogger - skip non existing resourceDirectory C:\Users\admin\Documents\GitHub\ProyectoAgenda\PorFinAgenda\src\test\resources
2018-06-04 14:29:29,322 [Worker-12] INFO  o.e.m.c.i.embedder.EclipseLogger - Using 'UTF-8' encoding to copy filtered resources.
2018-06-04 14:29:29,323 [Worker-12] INFO  o.e.m.c.i.embedder.EclipseLogger - Copying 2 resources
2018-06-04 14:29:29,357 [Worker-12] INFO  o.e.m.c.i.embedder.EclipseLogger - Using 'UTF-8' encoding to copy filtered resources.
2018-06-04 14:29:29,357 [Worker-12] INFO  o.e.m.c.i.embedder.EclipseLogger - skip non existing resourceDirectory C:\Users\admin\Documents\GitHub\ProyectoAgenda\PorFinAgenda\src\test\resources
2018-06-04 14:30:15,190 [Worker-8] INFO  o.e.m.c.i.embedder.EclipseLogger - Using 'UTF-8' encoding to copy filtered resources.
2018-06-04 14:30:15,191 [Worker-8] INFO  o.e.m.c.i.embedder.EclipseLogger - Copying 2 resources
2018-06-04 14:30:15,198 [Worker-8] INFO  o.e.m.c.i.embedder.EclipseLogger - Using 'UTF-8' encoding to copy filtered resources.
2018-06-04 14:30:15,201 [Worker-8] INFO  o.e.m.c.i.embedder.EclipseLogger - skip non existing resourceDirectory C:\Users\admin\Documents\GitHub\ProyectoAgenda\PorFinAgenda\src\test\resources
